C51 COMPILER V9.54   MAIN                                                                  01/23/2024 16:09:49 PAGE 1   


C51 COMPILER V9.54, COMPILATION OF MODULE MAIN
OBJECT MODULE PLACED IN .\Objects\main.obj
COMPILER INVOKED BY: D:\Keil5\C51\BIN\C51.EXE main.c OPTIMIZE(8,SPEED) BROWSE DEBUG OBJECTEXTEND PRINT(.\Listings\main.l
                    -st) OBJECT(.\Objects\main.obj)

line level    source

   1          #include <REGX52.H>
   2          #include  "UART.h"
   3          #include "Delay.h"
   4          
   5          unsigned char a;
   6          
   7          void main()
   8          {       
   9   1              UartInit();             //≥ı ºªØ
  10   1      //      UART_SendByte(0xFE);
  11   1              while(1)
  12   1                      {       
  13   2                              Delay(500);
  14   2                              UART_SendByte(a++);
  15   2                              Delay(500);
  16   2                      }
  17   1      }


MODULE INFORMATION:   STATIC OVERLAYABLE
   CODE SIZE        =     26    ----
   CONSTANT SIZE    =   ----    ----
   XDATA SIZE       =   ----    ----
   PDATA SIZE       =   ----    ----
   DATA SIZE        =      1    ----
   IDATA SIZE       =   ----    ----
   BIT SIZE         =   ----    ----
END OF MODULE INFORMATION.


C51 COMPILATION COMPLETE.  0 WARNING(S),  0 ERROR(S)
