C51 COMPILER V9.54   UART                                                                  01/23/2024 16:08:33 PAGE 1   


C51 COMPILER V9.54, COMPILATION OF MODULE UART
OBJECT MODULE PLACED IN .\Objects\UART.obj
COMPILER INVOKED BY: D:\Keil5\C51\BIN\C51.EXE UART.c OPTIMIZE(8,SPEED) BROWSE DEBUG OBJECTEXTEND PRINT(.\Listings\UART.l
                    -st) OBJECT(.\Objects\UART.obj)

line level    source

   1          #include <REGX52.H>
   2          
   3          //void UartInit(void)           //
   4          //{
   5          //      PCON &= 0x7F;           
   6          //      SCON = 0x50;    
   7          //      TMOD &= 0x0F;   
   8          //      TMOD |= 0x20;           
   9          //      TL1 = 0xF9;             
  10          //      TH1 = 0xF9;             
  11          //      ET1 = 0;                
  12          //      TR1 = 1;        
  13          //}
  14          
  15          void UartInit(void)             //4800bps@11.0592MHz
  16          {
  17   1              PCON &= 0x7F;           //??????
  18   1              SCON = 0x50;            //8???,?????
  19   1      
  20   1              TMOD &= 0x0F;           //?????1???
  21   1              TMOD |= 0x20;           //?????1?8???????
  22   1              TL1 = 0xFA;             //??????
  23   1              TH1 = 0xFA;             //????????
  24   1              ET1 = 0;                //?????1??
  25   1              TR1 = 1;                //?????1
  26   1      }
  27          
  28          
  29          
  30          
  31          void UART_SendByte(unsigned char Byte)//·¢ËÍ×Ö·û
  32          {
  33   1              SBUF=Byte;      //SUBF´®¿Ú»º´æ¼Ä´æÆ÷
  34   1              while(TI==0);
  35   1              TI=0;
  36   1      }


MODULE INFORMATION:   STATIC OVERLAYABLE
   CODE SIZE        =     31    ----
   CONSTANT SIZE    =   ----    ----
   XDATA SIZE       =   ----    ----
   PDATA SIZE       =   ----    ----
   DATA SIZE        =   ----    ----
   IDATA SIZE       =   ----    ----
   BIT SIZE         =   ----    ----
END OF MODULE INFORMATION.


C51 COMPILATION COMPLETE.  0 WARNING(S),  0 ERROR(S)
