C51 COMPILER V9.54   MAIN                                                                  01/28/2024 18:03:35 PAGE 1   


C51 COMPILER V9.54, COMPILATION OF MODULE MAIN
OBJECT MODULE PLACED IN .\Objects\main.obj
COMPILER INVOKED BY: D:\Keil5\C51\BIN\C51.EXE main.c OPTIMIZE(8,SPEED) BROWSE DEBUG OBJECTEXTEND PRINT(.\Listings\main.l
                    -st) OBJECT(.\Objects\main.obj)

line level    source

   1          #include <REGX52.H>
   2          #include "Delay.h"
   3          #include "LCD1602.h"
   4          #include "MatrixKey.h"
   5          
   6          unsigned char KeyNum;
   7          unsigned int Password,count;
   8          
   9          void main()
  10          {       
  11   1              LCD_Init();
  12   1              LCD_ShowString(1,1,"PASSWORD");
  13   1              LCD_ShowString(2,14,"Jay");
  14   1              while(1)
  15   1              {
  16   2                      KeyNum=MatrixKey();
  17   2                      if(KeyNum)  //如果按键按下
  18   2                              {
  19   3                                      if(KeyNum<=10)
  20   3                                              {       
  21   4                                                      if(count<4)
  22   4                                                      {
  23   5                                                              Password*=10;
  24   5                                                              Password+=KeyNum%10;
  25   5                                                              count++;
  26   5                                                      }                               
  27   4                                              }               
  28   3                                              LCD_ShowNum(2,1,Password,4);
  29   3                                      if(KeyNum==11)
  30   3                                              if(Password==2345)
  31   3                                                      {
  32   4                                                              LCD_ShowString(1,14,"OK ");
  33   4                                                              count=0;
  34   4                                                              Password=0;
  35   4                                                              LCD_ShowNum(2,1,Password,4);
  36   4                                                              Delay(2000);
  37   4                                                              LCD_ShowString(1,14,"   ");
  38   4                                                      }
  39   3                                              else
  40   3                                                      {
  41   4                                                              LCD_ShowString(1,14,"ERR");
  42   4                                                              count=0;
  43   4                                                              Password=0;
  44   4                                                              LCD_ShowNum(2,1,Password,4);
  45   4                                                              Delay(2000);
  46   4                                                              LCD_ShowString(1,14,"   ");                                                     
  47   4                                                      }
  48   3                                       if(KeyNum==12)
  49   3                                              {
  50   4                                                      count=0;
  51   4                                                      Password=0;
  52   4                                                      LCD_ShowNum(2,1,Password,4);
  53   4                                                      Delay(2000);
  54   4                                                      LCD_ShowString(1,14,"   ");             
C51 COMPILER V9.54   MAIN                                                                  01/28/2024 18:03:35 PAGE 2   

  55   4                                       
  56   4                                              }
  57   3                              }
  58   2              }
  59   1      }


MODULE INFORMATION:   STATIC OVERLAYABLE
   CODE SIZE        =    242    ----
   CONSTANT SIZE    =     25    ----
   XDATA SIZE       =   ----    ----
   PDATA SIZE       =   ----    ----
   DATA SIZE        =      5    ----
   IDATA SIZE       =   ----    ----
   BIT SIZE         =   ----    ----
END OF MODULE INFORMATION.


C51 COMPILATION COMPLETE.  0 WARNING(S),  0 ERROR(S)
