C51 COMPILER V9.54   MAIN                                                                  01/28/2024 19:57:02 PAGE 1   


C51 COMPILER V9.54, COMPILATION OF MODULE MAIN
OBJECT MODULE PLACED IN .\Objects\main.obj
COMPILER INVOKED BY: D:\Keil5\C51\BIN\C51.EXE main.c OPTIMIZE(8,SPEED) BROWSE DEBUG OBJECTEXTEND PRINT(.\Listings\main.l
                    -st) OBJECT(.\Objects\main.obj)

line level    source

   1          #include <REGX52.H>
   2          #include "Timer0.h"
   3          #include "Key.h"
   4          #include "INTRINS.H"
   5          
   6          
   7          unsigned char KeyNum,count=0;
   8          
   9          void main()
  10          {       
  11   1              P2=0xFE;
  12   1              Timer0Init();
  13   1              while(1)
  14   1                      {
  15   2                              KeyNum=Key();
  16   2                              if(KeyNum)
  17   2                              {       
  18   3                                      count++;
  19   3                                      if(count>=2)count=0;
  20   3                              }
  21   2                      }
  22   1      }
  23          void Timer0_Routine() interrupt 1 
  24          {
  25   1              static unsigned int T0Count;
  26   1              TL0 = 0x18;             //低位初值
  27   1              TH0 = 0xFC;             //高位初值
  28   1              T0Count++;              //1毫秒加一次
  29   1              if(T0Count>=500)
  30   1              {
  31   2                      T0Count=0;
  32   2                      if(count==0)
  33   2                              P2=_crol_(P2,1);
  34   2                      if(count==1)
  35   2                              P2=_cror_(P2,1);
  36   2              }
  37   1      }


MODULE INFORMATION:   STATIC OVERLAYABLE
   CODE SIZE        =    113    ----
   CONSTANT SIZE    =   ----    ----
   XDATA SIZE       =   ----    ----
   PDATA SIZE       =   ----    ----
   DATA SIZE        =      4    ----
   IDATA SIZE       =   ----    ----
   BIT SIZE         =   ----    ----
END OF MODULE INFORMATION.


C51 COMPILATION COMPLETE.  0 WARNING(S),  0 ERROR(S)
