C51 COMPILER V9.54   MAIN                                                                  01/21/2024 22:45:41 PAGE 1   


C51 COMPILER V9.54, COMPILATION OF MODULE MAIN
OBJECT MODULE PLACED IN .\Objects\main.obj
COMPILER INVOKED BY: D:\Keil5\C51\BIN\C51.EXE main.c OPTIMIZE(8,SPEED) BROWSE DEBUG OBJECTEXTEND PRINT(.\Listings\main.l
                    -st) OBJECT(.\Objects\main.obj)

line level    source

   1          #include <REGX52.H>
   2          #include  "LCD1602.h"
   3          #include "Timer0.h"
   4          
   5          unsigned char s,m,h;
   6          
   7          void main()
   8          {       
   9   1              LCD_Init();
  10   1              Timer0Init();
  11   1              while(1)
  12   1                      {       
  13   2                              LCD_ShowString(1,1,"CLOCK");
  14   2                              LCD_ShowString(1,14,"Jay");
  15   2                              LCD_ShowChar(2,3,':');
  16   2                              LCD_ShowChar(2,6,':');
  17   2                              LCD_ShowNum(2,1,h,2);
  18   2                              LCD_ShowNum(2,4,m,2);
  19   2                              LCD_ShowNum(2,7,s,2);
  20   2                      }
  21   1      }
  22          
  23          void Timer0_Routine() interrupt 1
  24          {
  25   1              static unsigned int T0Count;
  26   1              TL0 = 0x18;             //低位初值
  27   1              TH0 = 0xFC;             //高位初值
  28   1              T0Count++;
  29   1              if(T0Count>=1000)
  30   1              {
  31   2                      T0Count=0;
  32   2                      s++;
  33   2                      if(s==60){m++;s=0;}
  34   2                      if(m==60){h++;m=0;}
  35   2                      if(h==24)h=0;
  36   2              }
  37   1      }


MODULE INFORMATION:   STATIC OVERLAYABLE
   CODE SIZE        =    165    ----
   CONSTANT SIZE    =     10    ----
   XDATA SIZE       =   ----    ----
   PDATA SIZE       =   ----    ----
   DATA SIZE        =      5    ----
   IDATA SIZE       =   ----    ----
   BIT SIZE         =   ----    ----
END OF MODULE INFORMATION.


C51 COMPILATION COMPLETE.  0 WARNING(S),  0 ERROR(S)
