C51 COMPILER V9.54   MAIN                                                                  01/28/2024 21:02:00 PAGE 1   


C51 COMPILER V9.54, COMPILATION OF MODULE MAIN
OBJECT MODULE PLACED IN .\Objects\main.obj
COMPILER INVOKED BY: D:\Keil5\C51\BIN\C51.EXE main.c OPTIMIZE(8,SPEED) BROWSE DEBUG OBJECTEXTEND PRINT(.\Listings\main.l
                    -st) OBJECT(.\Objects\main.obj)

line level    source

   1          #include <REGX52.H>
   2          #include "Timer0.h"
   3          #include "INTRINS.H"
   4          
   5          void main()
   6          {       
   7   1              P2=0xFE;
   8   1              Timer0Init();
   9   1              while(1)
  10   1                      {
  11   2      
  12   2                      }
  13   1      }
  14          void Timer0_Routine() interrupt 1 
  15          {
  16   1              static unsigned int T0Count;
  17   1              TL0 = 0x18;             //低位初值
  18   1              TH0 = 0xFC;             //高位初值
  19   1              T0Count++;              //1毫秒加一次
  20   1              if(T0Count>=500)
  21   1              {
  22   2                      T0Count=0;
  23   2                      P2=_crol_(P2,1);
  24   2              }
  25   1      }


MODULE INFORMATION:   STATIC OVERLAYABLE
   CODE SIZE        =     70    ----
   CONSTANT SIZE    =   ----    ----
   XDATA SIZE       =   ----    ----
   PDATA SIZE       =   ----    ----
   DATA SIZE        =      2    ----
   IDATA SIZE       =   ----    ----
   BIT SIZE         =   ----    ----
END OF MODULE INFORMATION.


C51 COMPILATION COMPLETE.  0 WARNING(S),  0 ERROR(S)
