C51 COMPILER V9.54   MAIN                                                                  01/28/2024 22:10:26 PAGE 1   


C51 COMPILER V9.54, COMPILATION OF MODULE MAIN
OBJECT MODULE PLACED IN .\Objects\main.obj
COMPILER INVOKED BY: D:\Keil5\C51\BIN\C51.EXE main.c OPTIMIZE(8,SPEED) BROWSE DEBUG OBJECTEXTEND PRINT(.\Listings\main.l
                    -st) OBJECT(.\Objects\main.obj)

line level    source

   1          #include <REGX52.H>
   2          #include "Delay.h"
   3          #include "Nixie.h"
   4          #include "Timer0.h"
   5          #include "Key.h"
   6          
   7          unsigned char KeyNum;
   8          unsigned char Min,Sec,MiniSec;
   9          unsigned char RunFlag;
  10          float time;
  11          
  12          void main()
  13          {       
  14   1              Timer0_Init();
  15   1              while(1)
  16   1                      {       
  17   2                              KeyNum=Key();
  18   2                              if(KeyNum==1)
  19   2                                      {
  20   3                                                      RunFlag=!RunFlag;
  21   3                                                      time=Sec+MiniSec*0.01;
  22   3                                                      if(time==10.00)
  23   3                                                      {
  24   4                                                              P2_7=0;
  25   4                                                              P2_6=0;
  26   4                                                              P2_5=0;
  27   4                                                      }
  28   3                                                      if(time<=10.25&&time>=9.75)
  29   3                                                      {
  30   4                                                              P2_7=0;
  31   4                                                              P2_6=0;
  32   4                                                      }
  33   3                                                      if(time<=10.5&&time>=9.5)
  34   3                                                              P2_7=0;         
  35   3                                      }
  36   2                                              Nixie_SetBuf(1,Min/10);
  37   2                                              Nixie_SetBuf(2,Min%10);
  38   2                                              Nixie_SetBuf(3,11);
  39   2                                              Nixie_SetBuf(4,Sec/10);
  40   2                                              Nixie_SetBuf(5,Sec%10);
  41   2                                              Nixie_SetBuf(6,11);
  42   2                                              Nixie_SetBuf(7,MiniSec/10);
  43   2                                              Nixie_SetBuf(8,MiniSec%10);
  44   2                              if(KeyNum==2)
  45   2                              {
  46   3                                      Min=0;
  47   3                                      Sec=0;
  48   3                                      MiniSec=0;
  49   3                                      time=0;
  50   3                                      P2_7=1;
  51   3                                      P2_6=1;
  52   3                                      P2_5=1;
  53   3                              }
  54   2                      }
C51 COMPILER V9.54   MAIN                                                                  01/28/2024 22:10:26 PAGE 2   

  55   1      }
  56          
  57          void Sec_Loop(void)
  58          {
  59   1              if(RunFlag)
  60   1              {       
  61   2                      MiniSec++;
  62   2                      if(MiniSec>=100)
  63   2                      {
  64   3                              MiniSec=0;
  65   3                              Sec++;
  66   3                              if(Sec>=60)
  67   3                              {
  68   4                                      Sec=0;
  69   4                                      Min++;
  70   4                                      if(Min>=60)
  71   4                                      {
  72   5                                              Min=0;
  73   5                                      }
  74   4                              }
  75   3                      }
  76   2              }
  77   1      }
  78          
  79          void Timer0_Routine() interrupt 1
  80          {
  81   1              static unsigned int T0Count1,T0Count2,T0Count3;
  82   1              TL0 = 0x18;             //低位初值
  83   1              TH0 = 0xFC;             //高位初值
  84   1              T0Count1++;
  85   1              if(T0Count1>=20)
  86   1              {
  87   2                      T0Count1=0;
  88   2                      Key_Loop();
  89   2              }
  90   1              T0Count2++;
  91   1              if(T0Count2>=2)
  92   1              {
  93   2                      T0Count2=0;
  94   2                      Nixie_Loop();
  95   2              }
  96   1              T0Count3++;
  97   1              if(T0Count3>=10)
  98   1              {
  99   2                      T0Count3=0;
 100   2                      Sec_Loop();
 101   2              }
 102   1      }


MODULE INFORMATION:   STATIC OVERLAYABLE
   CODE SIZE        =    514    ----
   CONSTANT SIZE    =   ----    ----
   XDATA SIZE       =   ----    ----
   PDATA SIZE       =   ----    ----
   DATA SIZE        =     15    ----
   IDATA SIZE       =   ----    ----
   BIT SIZE         =   ----    ----
END OF MODULE INFORMATION.


C51 COMPILATION COMPLETE.  0 WARNING(S),  0 ERROR(S)
