C51 COMPILER V9.54   TIMER0                                                                01/24/2024 20:18:33 PAGE 1   


C51 COMPILER V9.54, COMPILATION OF MODULE TIMER0
OBJECT MODULE PLACED IN .\Objects\Timer0.obj
COMPILER INVOKED BY: D:\Keil5\C51\BIN\C51.EXE Timer0.c OPTIMIZE(8,SPEED) BROWSE DEBUG OBJECTEXTEND PRINT(.\Listings\Time
                    -r0.lst) OBJECT(.\Objects\Timer0.obj)

line level    source

   1          #include <REGX52.H>
   2          
   3          void Timer0_Init(void)  //1毫秒 
   4          {       
   5   1              TMOD &= 0xF0;   //定时器模式 低位清零 高位不变  
   6   1              TMOD |= 0x01;   //低位置1 高位不变      
   7   1              TL0 = 0x18;             //低位初值
   8   1              TH0 = 0xFC;             //高位初值
   9   1              TF0 = 0;                //清除TF0标志
  10   1              TR0 = 1;        //定时器0开始计时
  11   1              ET0=1;
  12   1              EA=1;
  13   1              PT0=0;
  14   1      }
  15          
  16          /*定时器中断函数模板
  17          void Timer0_Routine() interrupt 1
  18          {
  19                  static unsigned int T0Count;
  20                  TL0 = 0x18;             //低位初值
  21                  TH0 = 0xFC;             //高位初值
  22                  T0Count++;
  23                  if(T0Count>=1000)
  24                  {
  25                          T0Count=0;
  26                  }
  27          }
  28          */


MODULE INFORMATION:   STATIC OVERLAYABLE
   CODE SIZE        =     23    ----
   CONSTANT SIZE    =   ----    ----
   XDATA SIZE       =   ----    ----
   PDATA SIZE       =   ----    ----
   DATA SIZE        =   ----    ----
   IDATA SIZE       =   ----    ----
   BIT SIZE         =   ----    ----
END OF MODULE INFORMATION.


C51 COMPILATION COMPLETE.  0 WARNING(S),  0 ERROR(S)
