C51 COMPILER V9.54   MAIN                                                                  01/26/2024 21:59:43 PAGE 1   


C51 COMPILER V9.54, COMPILATION OF MODULE MAIN
OBJECT MODULE PLACED IN .\Objects\main.obj
COMPILER INVOKED BY: D:\Keil5\C51\BIN\C51.EXE main.c OPTIMIZE(8,SPEED) BROWSE DEBUG OBJECTEXTEND PRINT(.\Listings\main.l
                    -st) OBJECT(.\Objects\main.obj)

line level    source

   1          #include <REGX52.H>
   2          #include "Delay.h"
   3          
   4          unsigned char num[]={0x3F,0x06,0x5B,0x4F,0x66,0x6D,0x7D,0x07,0x7F,0x6F};
   5          
   6          void nixie(unsigned char loca,x)
   7          {
   8   1              switch(loca)
   9   1              {
  10   2                      case 1:P2_4=1;P2_3=1;P2_2=1;break;
  11   2                      case 2:P2_4=1;P2_3=1;P2_2=0;break;
  12   2                      case 3:P2_4=1;P2_3=0;P2_2=1;break;
  13   2                      case 4:P2_4=1;P2_3=0;P2_2=0;break;
  14   2                      case 5:P2_4=0;P2_3=1;P2_2=1;break;
  15   2                      case 6:P2_4=0;P2_3=1;P2_2=0;break;
  16   2                      case 7:P2_4=0;P2_3=0;P2_2=1;break;
  17   2                      case 8:P2_4=0;P2_3=0;P2_2=0;break;
  18   2              }
  19   1              P0=num[x];
  20   1      }
  21          
  22          
  23          void main()
  24          {
  25   1              unsigned char i;
  26   1              while(1)
  27   1              {
  28   2                      for(i=0;i<=9;i++)
  29   2                      {
  30   3                              nixie(1,i);
  31   3                              Delay(1000);
  32   3                      }
  33   2                       
  34   2              }
  35   1      }


MODULE INFORMATION:   STATIC OVERLAYABLE
   CODE SIZE        =    130    ----
   CONSTANT SIZE    =   ----    ----
   XDATA SIZE       =   ----    ----
   PDATA SIZE       =   ----    ----
   DATA SIZE        =     10       1
   IDATA SIZE       =   ----    ----
   BIT SIZE         =   ----    ----
END OF MODULE INFORMATION.


C51 COMPILATION COMPLETE.  0 WARNING(S),  0 ERROR(S)
