C51 COMPILER V9.54   MAIN                                                                  01/23/2024 17:19:06 PAGE 1   


C51 COMPILER V9.54, COMPILATION OF MODULE MAIN
OBJECT MODULE PLACED IN .\Objects\main.obj
COMPILER INVOKED BY: D:\Keil5\C51\BIN\C51.EXE main.c OPTIMIZE(8,SPEED) BROWSE DEBUG OBJECTEXTEND PRINT(.\Listings\main.l
                    -st) OBJECT(.\Objects\main.obj)

line level    source

   1          #include <REGX52.H>
   2          #include  "UART.h"
   3          //#include "Delay.h"
   4          
   5          
   6          void main()
   7          {       
   8   1              UartInit();             //初始化
   9   1              
  10   1              while(1)
  11   1                      {       
  12   2                              
  13   2                      }
  14   1      }
  15          
  16          void UART_Routine() interrupt 4 //电脑发送给串口
  17          {
  18   1              if(RI==1)
  19   1              {
  20   2                      P2=~SBUF;
  21   2                      UART_SendByte（SBUF）;
*** ERROR C100 IN LINE 21 OF main.c: unprintable character 0xA3 skipped
*** ERROR C100 IN LINE 21 OF main.c: unprintable character 0xA8 skipped
*** ERROR C100 IN LINE 21 OF main.c: unprintable character 0xA3 skipped
*** ERROR C100 IN LINE 21 OF main.c: unprintable character 0xA9 skipped
*** ERROR C202 IN LINE 21 OF main.c: 'UART_SendByteSBUF': undefined identifier
  22   2                      RI=0;
  23   2              }
  24   1      
  25   1      }

C51 COMPILATION COMPLETE.  0 WARNING(S),  5 ERROR(S)
