C51 COMPILER V9.54   UART                                                                  01/23/2024 17:15:12 PAGE 1   


C51 COMPILER V9.54, COMPILATION OF MODULE UART
OBJECT MODULE PLACED IN .\Objects\UART.obj
COMPILER INVOKED BY: D:\Keil5\C51\BIN\C51.EXE UART.c OPTIMIZE(8,SPEED) BROWSE DEBUG OBJECTEXTEND PRINT(.\Listings\UART.l
                    -st) OBJECT(.\Objects\UART.obj)

line level    source

   1          #include <REGX52.H>
   2          
   3          void UartInit(void)             //4800bps@11.0592MHz 串口初始化
   4          {
   5   1              PCON &= 0x7F;   
   6   1              SCON = 0x50;    
   7   1      
   8   1              TMOD &= 0x0F;           
   9   1              TMOD |= 0x20;   
  10   1              TL1 = 0xFA;             
  11   1              TH1 = 0xFA;             
  12   1              ET1 = 0;                
  13   1              TR1 = 1;                
  14   1              EA=1;
  15   1              ES=1;
  16   1      }
  17          
  18          
  19          
  20          
  21          void UART_SendByte(unsigned char Byte)//串口发送字符给电脑
  22          {
  23   1              SBUF=Byte;      //SUBF串口缓存寄存器
  24   1              while(TI==0);
  25   1              TI=0;
  26   1      }


MODULE INFORMATION:   STATIC OVERLAYABLE
   CODE SIZE        =     35    ----
   CONSTANT SIZE    =   ----    ----
   XDATA SIZE       =   ----    ----
   PDATA SIZE       =   ----    ----
   DATA SIZE        =   ----    ----
   IDATA SIZE       =   ----    ----
   BIT SIZE         =   ----    ----
END OF MODULE INFORMATION.


C51 COMPILATION COMPLETE.  0 WARNING(S),  0 ERROR(S)
