C51 COMPILER V9.54   MAIN                                                                  01/24/2024 14:43:57 PAGE 1   


C51 COMPILER V9.54, COMPILATION OF MODULE MAIN
OBJECT MODULE PLACED IN .\Objects\main.obj
COMPILER INVOKED BY: D:\Keil5\C51\BIN\C51.EXE main.c OPTIMIZE(8,SPEED) BROWSE DEBUG OBJECTEXTEND PRINT(.\Listings\main.l
                    -st) OBJECT(.\Objects\main.obj)

line level    source

   1          #include <REGX52.H>
   2          #include "Delay.h"
   3          #include "MatrixLED.h"
   4          
   5          
   6          void main()
   7          {       
   8   1              void MatrixLED_Init();
   9   1              while(1)
  10   1                      {
  11   2                              LED_Dianzhenping(0,0x60);
  12   2                              LED_Dianzhenping(1,0x90);
  13   2                              LED_Dianzhenping(2,0x88);
  14   2                              LED_Dianzhenping(3,0x44);
  15   2                              LED_Dianzhenping(4,0x88);
  16   2                              LED_Dianzhenping(5,0x90);
  17   2                              LED_Dianzhenping(6,0x60);
  18   2                              LED_Dianzhenping(7,0x60);
  19   2                      }
  20   1      }


MODULE INFORMATION:   STATIC OVERLAYABLE
   CODE SIZE        =     74    ----
   CONSTANT SIZE    =   ----    ----
   XDATA SIZE       =   ----    ----
   PDATA SIZE       =   ----    ----
   DATA SIZE        =   ----    ----
   IDATA SIZE       =   ----    ----
   BIT SIZE         =   ----    ----
END OF MODULE INFORMATION.


C51 COMPILATION COMPLETE.  0 WARNING(S),  0 ERROR(S)
