C51 COMPILER V9.54   MATRIXLED                                                             01/24/2024 14:43:57 PAGE 1   


C51 COMPILER V9.54, COMPILATION OF MODULE MATRIXLED
OBJECT MODULE PLACED IN .\Objects\MatrixLED.obj
COMPILER INVOKED BY: D:\Keil5\C51\BIN\C51.EXE MatrixLED.c OPTIMIZE(8,SPEED) BROWSE DEBUG OBJECTEXTEND PRINT(.\Listings\M
                    -atrixLED.lst) OBJECT(.\Objects\MatrixLED.obj)

line level    source

   1          #include <REGX52.H>
   2          #include "Delay.h"
   3          
   4          sbit RCK=P3^5;  //RCLK 锁存
   5          sbit SCK=P3^6;  //SRCLK 上升沿
   6          sbit SER=P3^4;  //SER
   7          
   8          void Column(unsigned char Byte) //位移寄存器控制列
   9          {
  10   1              unsigned char i;
  11   1              for(i=0;i<8;i++)
  12   1                      {
  13   2                              SER=Byte&(0x80>>i);  //分个输送
  14   2                              SCK=1;
  15   2                              SCK=0;
  16   2                      }
  17   1                      RCK=1;  //输送8位数据 
  18   1                      RCK=0;
  19   1      }
  20          
  21          void LED_Dianzhenping(unsigned char row,column)
  22          {
  23   1              P0=~(0x80>>row);
  24   1              Column(column);  //段选
  25   1              Delay(1);
  26   1              P0=0xFF;  //位选清零
  27   1              
  28   1      }


MODULE INFORMATION:   STATIC OVERLAYABLE
   CODE SIZE        =     75    ----
   CONSTANT SIZE    =   ----    ----
   XDATA SIZE       =   ----    ----
   PDATA SIZE       =   ----    ----
   DATA SIZE        =   ----    ----
   IDATA SIZE       =   ----    ----
   BIT SIZE         =   ----    ----
END OF MODULE INFORMATION.


C51 COMPILATION COMPLETE.  0 WARNING(S),  0 ERROR(S)
