C51 COMPILER V9.54   MAIN                                                                  01/26/2024 22:07:41 PAGE 1   


C51 COMPILER V9.54, COMPILATION OF MODULE MAIN
OBJECT MODULE PLACED IN .\Objects\main.obj
COMPILER INVOKED BY: D:\Keil5\C51\BIN\C51.EXE main.c OPTIMIZE(8,SPEED) BROWSE DEBUG OBJECTEXTEND PRINT(.\Listings\main.l
                    -st) OBJECT(.\Objects\main.obj)

line level    source

   1          #include <REGX52.H>
   2          
   3          unsigned char num[]={0x3F,0x06,0x5B,0x4F,0x66,0x6D,0x7D,0x07,0x7F,0x6F};
   4          
   5          void Delay(unsigned int xms)
   6          {
   7   1              unsigned char i, j;
   8   1              while(xms--)
   9   1              {
  10   2                      i = 2;
  11   2              j = 239;
  12   2              do
  13   2              {
  14   3                      while (--j);
  15   3              } while (--i);
  16   2              }
  17   1              
  18   1      }
  19          
  20          void nixie(unsigned char loca,x)
  21          {
  22   1              switch(loca)
  23   1              {
  24   2                      case 1:P2_4=1;P2_3=1;P2_2=1;break;
  25   2                      case 2:P2_4=1;P2_3=1;P2_2=0;break;
  26   2                      case 3:P2_4=1;P2_3=0;P2_2=1;break;
  27   2                      case 4:P2_4=1;P2_3=0;P2_2=0;break;
  28   2                      case 5:P2_4=0;P2_3=1;P2_2=1;break;
  29   2                      case 6:P2_4=0;P2_3=1;P2_2=0;break;
  30   2                      case 7:P2_4=0;P2_3=0;P2_2=1;break;
  31   2                      case 8:P2_4=0;P2_3=0;P2_2=0;break;
  32   2              }
  33   1              P0=num[x];
  34   1              Delay(1);
  35   1              P0=0x00;
  36   1      }
  37          
  38          
  39          void main()
  40          {
  41   1              while(1)
  42   1              {
  43   2                      nixie(1,2);
  44   2                      nixie(2,0);
  45   2                      nixie(3,2);
  46   2                      nixie(4,4);
  47   2              }
  48   1      }


MODULE INFORMATION:   STATIC OVERLAYABLE
   CODE SIZE        =    167    ----
   CONSTANT SIZE    =   ----    ----
   XDATA SIZE       =   ----    ----
C51 COMPILER V9.54   MAIN                                                                  01/26/2024 22:07:41 PAGE 2   

   PDATA SIZE       =   ----    ----
   DATA SIZE        =     10    ----
   IDATA SIZE       =   ----    ----
   BIT SIZE         =   ----    ----
END OF MODULE INFORMATION.


C51 COMPILATION COMPLETE.  0 WARNING(S),  0 ERROR(S)
